<?xml version="1.0" encoding="UTF-8"?>
<testsuite xmlns:xsi="http://www.w3.org/2001/XMLSchema-instance" xsi:noNamespaceSchemaLocation="https://maven.apache.org/surefire/maven-surefire-plugin/xsd/surefire-test-report-3.0.xsd" version="3.0" name="MessageTest" time="0.104" tests="10" errors="1" skipped="0" failures="3">
  <properties>
[...]
</properties>
  <testcase name="testSentMessage_disregard" classname="MessageTest" time="0.028"/>
  <testcase name="testCheckMessageLength_over250chars_returnsFailure" classname="MessageTest" time="0.003"/>
  <testcase name="testCheckRecipientCell_validNumber_returnsSuccess" classname="MessageTest" time="0.009">
    <failure message="expected: &lt;cell phone number succesfully captured.&gt; but was: &lt;cell phone number is incorrectly formatted!&gt;" type="org.opentest4j.AssertionFailedError"><![CDATA[org.opentest4j.AssertionFailedError: expected: <cell phone number succesfully captured.> but was: <cell phone number is incorrectly formatted!>
	at org.junit.jupiter.api.AssertionFailureBuilder.build(AssertionFailureBuilder.java:151)
	at org.junit.jupiter.api.AssertionFailureBuilder.buildAndThrow(AssertionFailureBuilder.java:132)
	at org.junit.jupiter.api.AssertEquals.failNotEqual(AssertEquals.java:197)
	at org.junit.jupiter.api.AssertEquals.assertEquals(AssertEquals.java:182)
	at org.junit.jupiter.api.AssertEquals.assertEquals(AssertEquals.java:177)
	at org.junit.jupiter.api.Assertions.assertEquals(Assertions.java:1145)
	at MessageTest.testCheckRecipientCell_validNumber_returnsSuccess(MessageTest.java:51)
	at java.base/java.lang.reflect.Method.invoke(Method.java:565)
	at java.base/java.util.ArrayList.forEach(ArrayList.java:1604)
	at java.base/java.util.ArrayList.forEach(ArrayList.java:1604)
]]></failure>
  </testcase>
  <testcase name="testCheckMessageLength_validMessage_returnsSuccess" classname="MessageTest" time="0.002"/>
  <testcase name="testMessageID_notNull" classname="MessageTest" time="0.007"/>
  <testcase name="testCreateMessageHash_isUppercase" classname="MessageTest" time="0.006"/>
  <testcase name="testCheckRecipientCell_invalidNumber_returnSucess" classname="MessageTest" time="0.002">
    <failure message="expected: &lt;cell phone number is incorrectly formatted.&gt; but was: &lt;cell phone number is incorrectly formatted!&gt;" type="org.opentest4j.AssertionFailedError"><![CDATA[org.opentest4j.AssertionFailedError: expected: <cell phone number is incorrectly formatted.> but was: <cell phone number is incorrectly formatted!>
	at org.junit.jupiter.api.AssertionFailureBuilder.build(AssertionFailureBuilder.java:151)
	at org.junit.jupiter.api.AssertionFailureBuilder.buildAndThrow(AssertionFailureBuilder.java:132)
	at org.junit.jupiter.api.AssertEquals.failNotEqual(AssertEquals.java:197)
	at org.junit.jupiter.api.AssertEquals.assertEquals(AssertEquals.java:182)
	at org.junit.jupiter.api.AssertEquals.assertEquals(AssertEquals.java:177)
	at org.junit.jupiter.api.Assertions.assertEquals(Assertions.java:1145)
	at MessageTest.testCheckRecipientCell_invalidNumber_returnSucess(MessageTest.java:57)
	at java.base/java.lang.reflect.Method.invoke(Method.java:565)
	at java.base/java.util.ArrayList.forEach(ArrayList.java:1604)
	at java.base/java.util.ArrayList.forEach(ArrayList.java:1604)
]]></failure>
  </testcase>
  <testcase name="testSebtMessageI_send" classname="MessageTest" time="0.001"/>
  <testcase name="testMessageID_lengthIs10" classname="MessageTest" time="0.003">
    <error message="Cannot invoke &quot;String.length()&quot; because the return value of &quot;Message.getMessageID()&quot; is null" type="java.lang.NullPointerException"><![CDATA[java.lang.NullPointerException: Cannot invoke "String.length()" because the return value of "Message.getMessageID()" is null
	at MessageTest.testMessageID_lengthIs10(MessageTest.java:87)
	at java.base/java.lang.reflect.Method.invoke(Method.java:565)
	at java.base/java.util.ArrayList.forEach(ArrayList.java:1604)
	at java.base/java.util.ArrayList.forEach(ArrayList.java:1604)
]]></error>
  </testcase>
  <testcase name="testCreateMessageHash_correctFormat" classname="MessageTest" time="0.002">
    <failure message="expected: &lt;true&gt; but was: &lt;false&gt;" type="org.opentest4j.AssertionFailedError"><![CDATA[org.opentest4j.AssertionFailedError: expected: <true> but was: <false>
	at org.junit.jupiter.api.AssertionFailureBuilder.build(AssertionFailureBuilder.java:151)
	at org.junit.jupiter.api.AssertionFailureBuilder.buildAndThrow(AssertionFailureBuilder.java:132)
	at org.junit.jupiter.api.AssertTrue.failNotTrue(AssertTrue.java:63)
	at org.junit.jupiter.api.AssertTrue.assertTrue(AssertTrue.java:36)
	at org.junit.jupiter.api.AssertTrue.assertTrue(AssertTrue.java:31)
	at org.junit.jupiter.api.Assertions.assertTrue(Assertions.java:183)
	at MessageTest.testCreateMessageHash_correctFormat(MessageTest.java:66)
	at java.base/java.lang.reflect.Method.invoke(Method.java:565)
	at java.base/java.util.ArrayList.forEach(ArrayList.java:1604)
	at java.base/java.util.ArrayList.forEach(ArrayList.java:1604)
]]></failure>
  </testcase>
</testsuite>